Added Component: Designator=C1(0603)
Added Component: Designator=C2(0603)
Added Component: Designator=C3(0603)
Added Component: Designator=C4(0603)
Added Component: Designator=C5(0603)
Added Component: Designator=LED1(2.54LED)
Added Component: Designator=LED2(2.54LED)
Added Component: Designator=LED3(2.54LED)
Added Component: Designator=LED4(LED-0603)
Added Component: Designator=LED5(LED-0603)
Added Component: Designator=Port1(LoRa_Usart)
Added Component: Designator=Port2(USB-A)
Added Component: Designator=Port3(STC_DEBUG)
Added Component: Designator=SW1(SW-1)
Added Component: Designator=U1(LQPF-32)
Added Component: Designator=U2(SOT-23)
Added Component: Designator=U3(SOT-23)
Added Component: Designator=U4(3A5A3D)
Added Pin To Net: NetName=ANT Pin=Port1-8
Added Net: Name=ANT
Added Pin To Net: NetName=GND Pin=C1-1
Added Pin To Net: NetName=GND Pin=C2-1
Added Pin To Net: NetName=GND Pin=C3-2
Added Pin To Net: NetName=GND Pin=C4-2
Added Pin To Net: NetName=GND Pin=C5-2
Added Pin To Net: NetName=GND Pin=LED1-2
Added Pin To Net: NetName=GND Pin=Port1-5
Added Pin To Net: NetName=GND Pin=Port2-4
Added Pin To Net: NetName=GND Pin=Port2-4
Added Pin To Net: NetName=GND Pin=Port2-4
Added Pin To Net: NetName=GND Pin=Port3-2
Added Pin To Net: NetName=GND Pin=U1-12
Added Pin To Net: NetName=GND Pin=U2-2
Added Pin To Net: NetName=GND Pin=U4-1
Added Net: Name=GND
Added Pin To Net: NetName=LORA-RX Pin=LED3-2
Added Pin To Net: NetName=LORA-RX Pin=Port1-7
Added Net: Name=LORA-RX
Added Pin To Net: NetName=LORA-TX Pin=LED2-2
Added Pin To Net: NetName=LORA-TX Pin=Port1-6
Added Net: Name=LORA-TX
Added Pin To Net: NetName=NetLED1_1 Pin=LED1-1
Added Net: Name=NetLED1_1
Added Pin To Net: NetName=NetLED2_1 Pin=LED2-1
Added Net: Name=NetLED2_1
Added Pin To Net: NetName=NetLED3_1 Pin=LED3-1
Added Net: Name=NetLED3_1
Added Pin To Net: NetName=NetLED4_1 Pin=LED4-1
Added Net: Name=NetLED4_1
Added Pin To Net: NetName=NetLED5_1 Pin=LED5-1
Added Net: Name=NetLED5_1
Added Pin To Net: NetName=NetPort2_2 Pin=Port2-2
Added Net: Name=NetPort2_2
Added Pin To Net: NetName=NetPort2_3 Pin=Port2-3
Added Net: Name=NetPort2_3
Added Pin To Net: NetName=P10 Pin=U1-1
Added Net: Name=P10
Added Pin To Net: NetName=P11 Pin=U1-2
Added Net: Name=P11
Added Pin To Net: NetName=RXD Pin=LED4-2
Added Pin To Net: NetName=RXD Pin=Port3-3
Added Pin To Net: NetName=RXD Pin=U1-13
Added Net: Name=RXD
Added Pin To Net: NetName=TRG Pin=Port3-5
Added Pin To Net: NetName=TRG Pin=SW1-2
Added Pin To Net: NetName=TRG Pin=U2-1
Added Pin To Net: NetName=TRG Pin=U3-1
Added Net: Name=TRG
Added Pin To Net: NetName=TXD Pin=LED5-2
Added Pin To Net: NetName=TXD Pin=Port3-4
Added Pin To Net: NetName=TXD Pin=U1-14
Added Net: Name=TXD
Added Pin To Net: NetName=VCC_5V Pin=C5-1
Added Pin To Net: NetName=VCC_5V Pin=Port2-1
Added Pin To Net: NetName=VCC_5V Pin=U4-2
Added Pin To Net: NetName=VCC_5V Pin=U4-2
Added Net: Name=VCC_5V
Added Pin To Net: NetName=VCC Pin=C3-1
Added Pin To Net: NetName=VCC Pin=C4-1
Added Pin To Net: NetName=VCC Pin=Port1-4
Added Pin To Net: NetName=VCC Pin=Port3-1
Added Pin To Net: NetName=VCC Pin=SW1-1
Added Pin To Net: NetName=VCC Pin=U3-2
Added Pin To Net: NetName=VCC Pin=U4-3
Added Net: Name=VCC
Added Pin To Net: NetName=VCORE Pin=C1-2
Added Pin To Net: NetName=VCORE Pin=C2-2
Added Pin To Net: NetName=VCORE Pin=U1-10
Added Pin To Net: NetName=VCORE Pin=U2-3
Added Pin To Net: NetName=VCORE Pin=U3-3
Added Net: Name=VCORE
Added Class: Name=Lora-ver1.0
Added Room: Name=Lora-ver1.0
