C51 COMPILER V9.52.0.0   T_MASTERV1_MAIN                                                   04/18/2018 17:19:54 PAGE 1   


C51 COMPILER V9.52.0.0, COMPILATION OF MODULE T_MASTERV1_MAIN
OBJECT MODULE PLACED IN T-MasterV1-main.OBJ
COMPILER INVOKED BY: C:\Keil\C51\BIN\C51.EXE T-MasterV1-main.c BROWSE DEBUG OBJECTEXTEND TABS(2)

line level    source

   1          #include "T-MasterV1.h"
   2          
   3          
   4          
   5          extern unsigned char Check_Btye_Xor;
   6          void T_Master_SYSInit(void)
   7          {
   8   1        STCUart1Init(); //Chat to Camp
   9   1        STCUart2Init(); 
  10   1        /*设置为开漏模式*/
  11   1        P1M0 = 0xff;
  12   1        P1M1 = 0xff; //0xff 4302接收  0x00 4450发射
  13   1      }
  14          
  15          void main()//Camp C5,6A,29,06,05,f4
  16          {
  17   1        unsigned i;
  18   1        T_Master_SYSInit();
  19   1        DATA_PIN_TX;
  20   1        PrintString1("STC8F2K32S4 Master For CAMP Test Prgramme!\r\n");
  21   1        PrintString2("STC8F2K32S4 Master For PTC Test Prgramme!\r\n"); 
  22   1        DATA_PIN_RX;  
  23   1        while(1)
  24   1        {
  25   2          
  26   2          if(Uart2_RX_State == 1)
  27   2          { 
  28   3            Uart2_RX_State = 0;
  29   3            U2R_OFF_IRQ;
  30   3            U1R_ON_IRQ;
  31   3            DATA_PIN_TX;
  32   3                for(i = 0; i < 16; i++)
  33   3                UartSend(0x00);
  34   3                PrintString1_num(Uart2_Buffer, Uart2_Buffer[3]);            
  35   3                Delay20ms();
  36   3                Delay20ms();
  37   3              if(Uart1_RX_State == 1)
  38   3              {
  39   4                Uart1_RX_State = 0;
  40   4                DATA_PIN_TX;
  41   4                Delay1ms();
  42   4                Send_PREMABLE_CODE(3);        
  43   4                PrintString2_num(Uart1_Buffer,Uart1_Buffer[3]);
  44   4                Delay1ms();
  45   4                DATA_PIN_RX;
  46   4              }
  47   3              U2R_ON_IRQ;
  48   3              DATA_PIN_RX;
  49   3              Uart2_RX_State = 0;
  50   3        }
  51   2      
  52   2        }
  53   1      }
  54          
  55          
C51 COMPILER V9.52.0.0   T_MASTERV1_MAIN                                                   04/18/2018 17:19:54 PAGE 2   



MODULE INFORMATION:   STATIC OVERLAYABLE
   CODE SIZE        =    151    ----
   CONSTANT SIZE    =     89    ----
   XDATA SIZE       =   ----    ----
   PDATA SIZE       =   ----    ----
   DATA SIZE        =   ----       2
   IDATA SIZE       =   ----    ----
   BIT SIZE         =   ----    ----
END OF MODULE INFORMATION.


C51 COMPILATION COMPLETE.  0 WARNING(S),  0 ERROR(S)
