C51 COMPILER V9.52.0.0   T_MASTERV1_UART                                                   04/18/2018 10:22:15 PAGE 1   


C51 COMPILER V9.52.0.0, COMPILATION OF MODULE T_MASTERV1_UART
OBJECT MODULE PLACED IN T-MasterV1_Uart.OBJ
COMPILER INVOKED BY: C:\Keil\C51\BIN\C51.EXE T-MasterV1_Uart.c BROWSE DEBUG OBJECTEXTEND TABS(2)

line level    source

   1          #include "T-MasterV1.h"
   2          //#include "T-MasterV1_Uart.h"
   3          
   4          bit busy1;
   5          unsigned char RX1_Cnt;
   6          unsigned char TX1_Cnt;
   7          unsigned char xdata Uart1_Buffer[UART1_RICEIVE_MAX];
   8          unsigned char bSynWord_MCU;
   9          unsigned char DataSize_MCU;
  10          unsigned char PaketSize_MCU;
  11          unsigned char Check_Btye_MCU;
  12          
  13          bit busy2;
  14          unsigned char RX2_Cnt;
  15          unsigned char TX2_Cnt;
  16          unsigned char DataSize_PTC;
  17          unsigned char PaketSize_PTC;
  18          unsigned char xdata Uart2_Buffer[UART2_RICEIVE_MAX];
  19          /************************************************************************
  20            Copyright (C), 2016-2018, Omnivoltaic Energy Solutions Tech. Co., Ltd.
  21            
  22            Function:       // STCUart1Init
  23          
  24            Description:    // Uart1 Init P30=RxD P31=TxD
  25          
  26            Calls:          // System init
  27          
  28            Input:          // BRT is 波特率
  29          
  30            Output:         // Non
  31            
  32            Return:         // Non
  33          
  34            Others:         // 在头文件定义BRT波特率
  35            
  36            Author:         // Liu Rongkun(Micheal)
  37            
  38            Data:           // 2018/03/27
  39          ****************************************************************************/
  40          void STCUart1Init(void)
  41          {
  42   1          SCON = 0x50;
  43   1          TMOD = 0x00;
  44   1          TL1 = BRT;              /*设置波特率*/
  45   1          TH1 = BRT >> 8;         
  46   1          TR1 = 1;
  47   1          AUXR |= 0x40;   
  48   1          AUXR &= 0xFE;   
  49   1          TX1_Cnt = 0x00;
  50   1          RX1_Cnt = 0x00;
  51   1          busy1 = 0;
  52   1      }
  53          /*************************************************
  54            Copyright (C), 2016-2018, Omnivoltaic Energy Solutions Tech. Co., Ltd.
  55            
C51 COMPILER V9.52.0.0   T_MASTERV1_UART                                                   04/18/2018 10:22:15 PAGE 2   

  56            Function:       // STCUart1Init
  57          
  58            Description:    // Uart2 Init P10=RxD P11=TxD
  59          
  60            Calls:          // System init
  61          
  62            Input:          // BRT is 波特率
  63          
  64            Output:         // Non
  65            
  66            Return:         // Non
  67          
  68            Others:         // 在头文件定义BRT波特率
  69            
  70            Author:         // Liu Rongkun(Micheal)
  71            
  72            Data:           // 2018/03/27
  73          *************************************************/
  74          void STCUart2Init(void)
  75          {
  76   1          S2CON = 0x50;
  77   1          T2L = BRT2;
  78   1          T2H = BRT2 >> 8;
  79   1          AUXR |= 0x14;
  80   1          TX2_Cnt = 0x00;
  81   1          RX2_Cnt = 0x00;
  82   1          busy2 = 0;
  83   1        
  84   1          IE2 = 0x01;
  85   1          EA = 1;
  86   1          ES |= 1;
  87   1          EA |= 1;
  88   1      }
  89          /*************************************************
  90            Copyright (C), 2016-2018, Omnivoltaic Energy Solutions Tech. Co., Ltd.
  91            
  92            Function:       // PrintString1
  93          
  94            Description:    // Send char string by Uart1
  95          
  96            Calls:          // System init
  97          
  98            Input:          // unsigned char 
  99          
 100            Output:         // Non
 101            
 102            Return:         // Non
 103          
 104            Others:         // Stop in /0
 105            
 106            Author:         // Liu Rongkun(Micheal)
 107            
 108            Data:           // 2018/03/27
 109          *************************************************/
 110          void PrintString1(unsigned char *puts) //发送一个字符串
 111          {
 112   1          for (; *puts != 0;  puts++)     //遇到停止符0结束
 113   1          {
 114   2              SBUF = *puts;
 115   2              busy1 = 1;
 116   2              while(busy1);
 117   2          }
C51 COMPILER V9.52.0.0   T_MASTERV1_UART                                                   04/18/2018 10:22:15 PAGE 3   

 118   1      }
 119          /*************************************************
 120            Copyright (C), 2016-2018, Omnivoltaic Energy Solutions Tech. Co., Ltd.
 121            
 122            Function:       // PrintString1
 123          
 124            Description:    // Send char string by Uart1
 125          
 126            Calls:          // System init
 127          
 128            Input:          // unsigned char ;Send num
 129          
 130            Output:         // Non
 131            
 132            Return:         // Non
 133          
 134            Others:         // Stop in /0
 135            
 136            Author:         // Liu Rongkun(Micheal)
 137            
 138            Data:           // 2018/04/16
 139          *************************************************/
 140          //void PrintString1_num(unsigned char *puts, unsigned char num) //发送一个字符串
 141          //{
 142          //  unsigned char i;
 143          //    for (i = 0; i < num;  i++)     //遇到停止符0结束
 144          //    {
 145          ////        SBUF = *puts++;
 146          ////        busy1 = 1;
 147          ////        while(busy1);
 148          //        UartSend(*puts++);
 149          //    }
 150          //}
 151          void PrintString1_num( unsigned char *str, unsigned int strlen) 
 152          {  
*** WARNING C235 IN LINE 152 OF T-MasterV1_Uart.c: parameter 2: different types
 153   1        unsigned int k = 0 ;  
 154   1        do  
 155   1       {  
 156   2        UartSend(*(str + k)); 
 157   2        k++; 
 158   2       }  
 159   1         while (k < strlen);  
 160   1      } 
 161          
 162          /*************************************************
 163            Copyright (C), 2016-2018, Omnivoltaic Energy Solutions Tech. Co., Ltd.
 164            
 165            Function:       // PrintString2
 166          
 167            Description:    // Send char string by Uart2
 168          
 169            Calls:          // System init
 170          
 171            Input:          // unsigned char 
 172          
 173            Output:         // Non
 174            
 175            Return:         // Non
 176          
 177            Others:         // Stop in /0
 178            
C51 COMPILER V9.52.0.0   T_MASTERV1_UART                                                   04/18/2018 10:22:15 PAGE 4   

 179            Author:         // Liu Rongkun(Micheal)
 180            
 181            Data:           // 2018/03/27
 182          *************************************************/
 183          void PrintString2(unsigned char *puts) //发送一个字符串
 184          {
 185   1          for (; *puts != 0;  puts++)     //遇到停止符0结束
 186   1          {
 187   2              S2BUF = *puts;
 188   2              busy2 = 1;
 189   2              while(busy2);
 190   2          }
 191   1      }
 192          /*************************************************
 193            Copyright (C), 2016-2018, Omnivoltaic Energy Solutions Tech. Co., Ltd.
 194            
 195            Function:       // PrintString2
 196          
 197            Description:    // Send char string by Uart2
 198          
 199            Calls:          // System init
 200          
 201            Input:          // unsigned char ;Send num
 202          
 203            Output:         // Non
 204            
 205            Return:         // Non
 206          
 207            Others:         // Stop in /0
 208            
 209            Author:         // Liu Rongkun(Micheal)
 210            
 211            Data:           // 2018/04/13
 212          *************************************************/
 213          //void PrintString2_num(unsigned char *puts, unsigned char num) //发送一个字符串
 214          //{
 215          //  unsigned char i;
 216          //    for (i = 0; i < num ;  i++)     //遇到停止符0结束
 217          //    {
 218          //        S2BUF = *puts++;
 219          //        busy2 = 1;
 220          //        while(busy2);
 221          //    }
 222          //}
 223          void PrintString2_num( unsigned char *str, unsigned int strlen) 
 224          {  
*** WARNING C235 IN LINE 224 OF T-MasterV1_Uart.c: parameter 2: different types
 225   1        unsigned int k = 0 ;  
 226   1        do  
 227   1       {  
 228   2        Uart2Send(*(str + k)); 
 229   2        k++; 
 230   2       }  
 231   1         while (k < strlen);  
 232   1      } 
 233          /*************************************************
 234            Copyright (C), 2016-2018, Omnivoltaic Energy Solutions Tech. Co., Ltd.
 235            
 236            Function:       // Uart2Send
 237          
 238            Description:    // Send char string by Uart2
 239          
C51 COMPILER V9.52.0.0   T_MASTERV1_UART                                                   04/18/2018 10:22:15 PAGE 5   

 240            Calls:          // System init
 241          
 242            Input:          // unsigned char 
 243          
 244            Output:         // Non
 245            
 246            Return:         // Non
 247          
 248            Others:         // Stop in /0
 249            
 250            Author:         // Liu Rongkun(Micheal)
 251            
 252            Data:           // 2018/03/29
 253          *************************************************/
 254          void Uart2Send(unsigned char dat)
 255          {
 256   1          while (busy2);
 257   1          busy2 = 1;
 258   1          S2BUF = dat;while (busy2);
 259   1      }
 260          //void Uart2Send( unsigned char ch)  
 261          //{  
 262          
 263          //   S2BUF=ch;  
 264          //   while ((S2CON & 0x02)== 0);  
 265          //   S2CON &= ~0x02; ;  
 266          //}  
 267          /*************************************************
 268            Copyright (C), 2016-2018, Omnivoltaic Energy Solutions Tech. Co., Ltd.
 269            
 270            Function:       // UartSend
 271          
 272            Description:    // Send char string by Uart1
 273          
 274            Calls:          // System init
 275          
 276            Input:          // unsigned char 
 277          
 278            Output:         // Non
 279            
 280            Return:         // Non
 281          
 282            Others:         // Stop in /0
 283            
 284            Author:         // Liu Rongkun(Micheal)
 285            
 286            Data:           // 2018/03/29
 287          *************************************************/
 288          //void UartSend(unsigned char dat)
 289          //{
 290          //    while (busy1);
 291          //    busy1 = 1;
 292          //    SBUF = dat;
 293          //}
 294          void UartSend( unsigned char ch)  
 295          {  
 296   1      
 297   1         SBUF=ch;  
 298   1         while (TI== 0);  
 299   1         TI= 0 ;  
 300   1      }  
 301          /*************************************************
C51 COMPILER V9.52.0.0   T_MASTERV1_UART                                                   04/18/2018 10:22:15 PAGE 6   

 302            Copyright (C), 2016-2018, Omnivoltaic Energy Solutions Tech. Co., Ltd.
 303            
 304            Function:       // STCUart2_Interrupt
 305          
 306            Description:    // Uart2 Interrupt Program
 307          
 308            Calls:          // CPU
 309          
 310            Input:          // Non
 311          
 312            Output:         // Non
 313            
 314            Return:         // Non
 315          
 316            Others:         // 串口2中断程序
 317            
 318            Author:         // Liu Rongkun(Micheal)
 319            
 320            Data:           // 2018/03/27
 321          *************************************************/
 322          void STCUart2_Interrupt() interrupt 8 using 1
 323          {
 324   1          if (S2CON & 0x02)
 325   1          {
 326   2              S2CON &= ~0x02; /**/
 327   2              busy2 = 0;
 328   2          }
 329   1          if (S2CON & 0x01)/*判断是否有中断产生*/
 330   1          {
 331   2      //        S2CON &= ~0x01;
 332   2      //        Uart2_Buffer[RX2_Cnt] = S2BUF;  
 333   2      //        if(++RX2_Cnt >= UART2_RICEIVE_MAX)   RX2_Cnt = 0;    //防溢出
 334   2            S2CON &= ~0x01;
 335   2             Master_Uart_Process();
 336   2          }
 337   1      }
 338          
 339          /*************************************************
 340            Copyright (C), 2016-2018, Omnivoltaic Energy Solutions Tech. Co., Ltd.
 341            
 342            Function:       // STCUart1_Interrupt
 343          
 344            Description:    // Uart1 Interrupt Program
 345          
 346            Calls:          // CPU
 347          
 348            Input:          // Non
 349          
 350            Output:         // Non
 351            
 352            Return:         // Non
 353          
 354            Others:         // 串口1中断程序
 355            
 356            Author:         // Liu Rongkun(Micheal)
 357            
 358            Data:           // 2018/03/27
 359          *************************************************/
 360          void STCUart1_Interrupt() interrupt 4 using 1
 361          {
 362   1          if (TI)
 363   1          {
C51 COMPILER V9.52.0.0   T_MASTERV1_UART                                                   04/18/2018 10:22:15 PAGE 7   

 364   2              TI = 0;
 365   2              busy1 = 0;
 366   2          }
 367   1          if (RI)
 368   1          {             
 369   2              RI = 0;
 370   2      //        Uart1_Buffer[RX1_Cnt] = SBUF;
 371   2      //        if(++RX1_Cnt >= UART1_RICEIVE_MAX)   RX1_Cnt = 0;    //防溢出
 372   2            Master_Uart2_Process();
 373   2          }
 374   1      }
 375          


MODULE INFORMATION:   STATIC OVERLAYABLE
   CODE SIZE        =    306    ----
   CONSTANT SIZE    =   ----    ----
   XDATA SIZE       =    256    ----
   PDATA SIZE       =   ----    ----
   DATA SIZE        =     10      14
   IDATA SIZE       =   ----    ----
   BIT SIZE         =      2    ----
END OF MODULE INFORMATION.


C51 COMPILATION COMPLETE.  2 WARNING(S),  0 ERROR(S)
