C51 COMPILER V9.52.0.0   T_SLAVERV1_MAIN                                                   05/18/2018 13:46:32 PAGE 1   


C51 COMPILER V9.52.0.0, COMPILATION OF MODULE T_SLAVERV1_MAIN
OBJECT MODULE PLACED IN T-SlaverV1-main.OBJ
COMPILER INVOKED BY: C:\Keil\C51\BIN\C51.EXE T-SlaverV1-main.c BROWSE DEBUG OBJECTEXTEND TABS(2)

line level    source

   1          #include "T-SlaverV1.h"
   2          
   3          sbit INT0 = 0xB2;
   4          
   5          extern unsigned char Check_Btye_Xor;
   6          unsigned char xdata tww[16];
   7          void T_Master_SYSInit(void)
   8          {
   9   1        TURN_OFF_LOAD;
  10   1        STCUart1Init(); //Chat to Camp
  11   1        STCUart2Init(); 
  12   1        /*设置为开漏模式*/
  13   1        P1M0 = 0xff;
  14   1        P1M1 = 0x00; 
  15   1        TURN_OFF_LOAD;
  16   1        //Slaver_Read_Mac();
  17   1        
  18   1        //INT0                              
  19   1      }
  20          
  21          
  22          void main(void)
  23          {
  24   1        int delays;
  25   1        T_Master_SYSInit();
  26   1        P34 = 0;
  27   1        PrintString1("STC8F2K32S4 Slaver Test Prgramme!\r\n");
  28   1        PrintString2("STC8F2K32S4 Slaver Test Prgramme!\r\n");  
  29   1        while(1)
  30   1        {
  31   2            if(0 == Achieve_master_mac(10))
  32   2            {
  33   3              Slaver_Process(Run());
  34   3            }
  35   2            Mac_process(10);
  36   2      #ifndef DEVELOP_MODEL
                          U2R_ON_IRQ;
                          DATA_PIN_RX;
                    for(delays = 0; delays < SYS_SLEEP_TIME; delays++)
                      Delay1000000ms(); 
                      
              #else
  43   2          _nop_();
  44   2      
  45   2      
  46   2      #endif
  47   2        }
  48   1      }
*** WARNING C280 IN LINE 24 OF T-SlaverV1-main.c: 'delays': unreferenced local variable
  49          
  50            
  51          


MODULE INFORMATION:   STATIC OVERLAYABLE
C51 COMPILER V9.52.0.0   T_SLAVERV1_MAIN                                                   05/18/2018 13:46:32 PAGE 2   

   CODE SIZE        =     62    ----
   CONSTANT SIZE    =     36    ----
   XDATA SIZE       =     16    ----
   PDATA SIZE       =   ----    ----
   DATA SIZE        =   ----       2
   IDATA SIZE       =   ----    ----
   BIT SIZE         =   ----    ----
END OF MODULE INFORMATION.


C51 COMPILATION COMPLETE.  1 WARNING(S),  0 ERROR(S)
