Added Component: Designator=ANT(0603)
Added Component: Designator=C1(0603)
Added Component: Designator=C2(0603)
Added Component: Designator=C10(0603)
Added Component: Designator=C11(0603)
Added Component: Designator=C12(0603)
Added Component: Designator=C13(0603)
Added Component: Designator=C14(0603)
Added Component: Designator=C15(0603)
Added Component: Designator=C16(0603)
Added Component: Designator=C17(0603)
Added Component: Designator=C18(0603)
Added Component: Designator=C19(0603)
Added Component: Designator=C20(0603)
Added Component: Designator=C21(0603)
Added Component: Designator=C22(0603)
Added Component: Designator=C23(0603)
Added Component: Designator=C24(0603)
Added Component: Designator=C25(0603)
Added Component: Designator=C26(0603)
Added Component: Designator=C27(0603)
Added Component: Designator=C28(0603)
Added Component: Designator=C29(0603)
Added Component: Designator=C30(0603)
Added Component: Designator=C31(0603)
Added Component: Designator=C32(CAP6*12)
Added Component: Designator=D1(0603)
Added Component: Designator=D2(0603)
Added Component: Designator=D3(SS34)
Added Component: Designator=F1(PT4450 XTAL)
Added Component: Designator=L1(0603)
Added Component: Designator=L2(0603)
Added Component: Designator=L3(0603)
Added Component: Designator=L4(0603)
Added Component: Designator=L5(0603)
Added Component: Designator=L6(0603)
Added Component: Designator=L7(0603)
Added Component: Designator=L8(CD75)
Added Component: Designator=LED4(LED-0603)
Added Component: Designator=LED5(LED-0603)
Added Component: Designator=Port3(STC_DEBUG)
Added Component: Designator=Port4(Pin-8)
Added Component: Designator=Q1(SOT-23)
Added Component: Designator=Q2(SOT-23)
Added Component: Designator=R1(0603)
Added Component: Designator=R3(0603)
Added Component: Designator=R4(0603)
Added Component: Designator=R5(0603)
Added Component: Designator=R6(0603)
Added Component: Designator=R7(0603)
Added Component: Designator=R8(0603)
Added Component: Designator=R9(0603)
Added Component: Designator=R10(0603)
Added Component: Designator=R13(0603)
Added Component: Designator=R14(0603)
Added Component: Designator=SW1(SW-1)
Added Component: Designator=U1(LQPF-32)
Added Component: Designator=U2(3A5A3D)
Added Component: Designator=u4(PT4450)
Added Component: Designator=U5(PT4302)
Added Component: Designator=U?(TS5B_N)
Added Component: Designator=Y3(PT4450 XTAL)
Added Component: Designator=Y4(PT4306 XTAL)
Added Pin To Net: NetName=ANT Pin=ANT-2
Added Pin To Net: NetName=ANT Pin=C31-1
Added Pin To Net: NetName=ANT Pin=L7-1
Added Pin To Net: NetName=ANT Pin=Port4-1
Added Net: Name=ANT
Added Pin To Net: NetName=CEOUT Pin=U1-4
Added Net: Name=CEOUT
Added Pin To Net: NetName=CNET Pin=U1-15
Added Net: Name=CNET
Added Pin To Net: NetName=GND Pin=ANT-1
Added Pin To Net: NetName=GND Pin=C1-1
Added Pin To Net: NetName=GND Pin=C2-1
Added Pin To Net: NetName=GND Pin=C10-2
Added Pin To Net: NetName=GND Pin=C11-2
Added Pin To Net: NetName=GND Pin=C15-1
Added Pin To Net: NetName=GND Pin=C16-1
Added Pin To Net: NetName=GND Pin=C17-2
Added Pin To Net: NetName=GND Pin=C18-1
Added Pin To Net: NetName=GND Pin=C20-2
Added Pin To Net: NetName=GND Pin=C21-2
Added Pin To Net: NetName=GND Pin=C22-2
Added Pin To Net: NetName=GND Pin=C23-1
Added Pin To Net: NetName=GND Pin=C24-1
Added Pin To Net: NetName=GND Pin=C28-1
Added Pin To Net: NetName=GND Pin=C30-2
Added Pin To Net: NetName=GND Pin=C31-2
Added Pin To Net: NetName=GND Pin=F1-2
Added Pin To Net: NetName=GND Pin=L3-2
Added Pin To Net: NetName=GND Pin=Port3-2
Added Pin To Net: NetName=GND Pin=Port4-2
Added Pin To Net: NetName=GND Pin=Port4-8
Added Pin To Net: NetName=GND Pin=Q1-1
Added Pin To Net: NetName=GND Pin=R1-1
Added Pin To Net: NetName=GND Pin=R4-2
Added Pin To Net: NetName=GND Pin=R10-2
Added Pin To Net: NetName=GND Pin=U1-12
Added Pin To Net: NetName=GND Pin=U2-1
Added Pin To Net: NetName=GND Pin=u4-2
Added Pin To Net: NetName=GND Pin=U5-1
Added Pin To Net: NetName=GND Pin=U5-2
Added Pin To Net: NetName=GND Pin=U5-9
Added Pin To Net: NetName=GND Pin=Y3-2
Added Pin To Net: NetName=GND Pin=Y4-2
Added Net: Name=GND
Added Pin To Net: NetName=NetC12_1 Pin=C12-1
Added Pin To Net: NetName=NetC12_1 Pin=C14-2
Added Pin To Net: NetName=NetC12_1 Pin=L2-2
Added Net: Name=NetC12_1
Added Pin To Net: NetName=NetC12_2 Pin=C12-2
Added Pin To Net: NetName=NetC12_2 Pin=L1-1
Added Pin To Net: NetName=NetC12_2 Pin=u4-3
Added Net: Name=NetC12_2
Added Pin To Net: NetName=NetC13_1 Pin=C13-1
Added Pin To Net: NetName=NetC13_1 Pin=C14-1
Added Net: Name=NetC13_1
Added Pin To Net: NetName=NetC13_2 Pin=C13-2
Added Pin To Net: NetName=NetC13_2 Pin=L1-2
Added Pin To Net: NetName=NetC13_2 Pin=R3-2
Added Net: Name=NetC13_2
Added Pin To Net: NetName=NetC16_2 Pin=C16-2
Added Pin To Net: NetName=NetC16_2 Pin=R4-1
Added Pin To Net: NetName=NetC16_2 Pin=R5-2
Added Pin To Net: NetName=NetC16_2 Pin=u4-5
Added Pin To Net: NetName=NetC16_2 Pin=u4-6
Added Net: Name=NetC16_2
Added Pin To Net: NetName=NetC17_1 Pin=C17-1
Added Pin To Net: NetName=NetC17_1 Pin=u4-4
Added Pin To Net: NetName=NetC17_1 Pin=Y3-1
Added Net: Name=NetC17_1
Added Pin To Net: NetName=NetC18_2 Pin=C18-2
Added Pin To Net: NetName=NetC18_2 Pin=C19-2
Added Pin To Net: NetName=NetC18_2 Pin=L3-1
Added Pin To Net: NetName=NetC18_2 Pin=U5-3
Added Net: Name=NetC18_2
Added Pin To Net: NetName=NetC22_1 Pin=C22-1
Added Pin To Net: NetName=NetC22_1 Pin=R6-2
Added Pin To Net: NetName=NetC22_1 Pin=U5-8
Added Net: Name=NetC22_1
Added Pin To Net: NetName=NetC23_2 Pin=C23-2
Added Pin To Net: NetName=NetC23_2 Pin=R9-2
Added Pin To Net: NetName=NetC23_2 Pin=U5-14
Added Net: Name=NetC23_2
Added Pin To Net: NetName=NetC26_1 Pin=C26-1
Added Pin To Net: NetName=NetC26_1 Pin=D2-1
Added Pin To Net: NetName=NetC26_1 Pin=L5-1
Added Net: Name=NetC26_1
Added Pin To Net: NetName=NetC27_1 Pin=C27-1
Added Pin To Net: NetName=NetC27_1 Pin=D1-1
Added Pin To Net: NetName=NetC27_1 Pin=L4-2
Added Net: Name=NetC27_1
Added Pin To Net: NetName=NetC29_1 Pin=C29-1
Added Pin To Net: NetName=NetC29_1 Pin=D1-2
Added Pin To Net: NetName=NetC29_1 Pin=D2-2
Added Pin To Net: NetName=NetC29_1 Pin=L6-2
Added Net: Name=NetC29_1
Added Pin To Net: NetName=NetC29_2 Pin=C29-2
Added Pin To Net: NetName=NetC29_2 Pin=C30-1
Added Pin To Net: NetName=NetC29_2 Pin=L7-2
Added Net: Name=NetC29_2
Added Pin To Net: NetName=NetF1_1 Pin=F1-1
Added Pin To Net: NetName=NetF1_1 Pin=U5-7
Added Net: Name=NetF1_1
Added Pin To Net: NetName=NetF1_3 Pin=F1-3
Added Pin To Net: NetName=NetF1_3 Pin=U5-5
Added Net: Name=NetF1_3
Added Pin To Net: NetName=NetL6_1 Pin=L6-1
Added Pin To Net: NetName=NetL6_1 Pin=R10-1
Added Net: Name=NetL6_1
Added Pin To Net: NetName=NetL8_1 Pin=L8-1
Added Net: Name=NetL8_1
Added Pin To Net: NetName=NetLED4_1 Pin=LED4-1
Added Pin To Net: NetName=NetLED4_1 Pin=R13-1
Added Net: Name=NetLED4_1
Added Pin To Net: NetName=NetLED5_1 Pin=LED5-1
Added Pin To Net: NetName=NetLED5_1 Pin=R14-1
Added Net: Name=NetLED5_1
Added Pin To Net: NetName=NetR7_2 Pin=R7-2
Added Pin To Net: NetName=NetR7_2 Pin=U5-12
Added Net: Name=NetR7_2
Added Pin To Net: NetName=NetR8_2 Pin=R8-2
Added Pin To Net: NetName=NetR8_2 Pin=U5-13
Added Net: Name=NetR8_2
Added Pin To Net: NetName=Netu4_1 Pin=u4-1
Added Pin To Net: NetName=Netu4_1 Pin=Y3-3
Added Net: Name=Netu4_1
Added Pin To Net: NetName=NetU5_16 Pin=U5-16
Added Pin To Net: NetName=NetU5_16 Pin=Y4-1
Added Net: Name=NetU5_16
Added Pin To Net: NetName=RFRXD Pin=Port4-7
Added Pin To Net: NetName=RFRXD Pin=R8-1
Added Pin To Net: NetName=RFRXD Pin=U1-1
Added Net: Name=RFRXD
Added Pin To Net: NetName=RFTXD Pin=Port4-4
Added Pin To Net: NetName=RFTXD Pin=R5-1
Added Pin To Net: NetName=RFTXD Pin=U1-2
Added Net: Name=RFTXD
Added Pin To Net: NetName=RXCE Pin=Port4-6
Added Pin To Net: NetName=RXCE Pin=R7-1
Added Pin To Net: NetName=RXCE Pin=U1-3
Added Net: Name=RXCE
Added Pin To Net: NetName=RXD Pin=LED4-2
Added Pin To Net: NetName=RXD Pin=Port3-3
Added Pin To Net: NetName=RXD Pin=U1-13
Added Net: Name=RXD
Added Pin To Net: NetName=RX Pin=C19-1
Added Pin To Net: NetName=RX Pin=C20-1
Added Pin To Net: NetName=RX Pin=C27-2
Added Net: Name=RX
Added Pin To Net: NetName=TRG Pin=Port3-5
Added Pin To Net: NetName=TRG Pin=Q1-2
Added Pin To Net: NetName=TRG Pin=Q2-2
Added Pin To Net: NetName=TRG Pin=R1-2
Added Pin To Net: NetName=TRG Pin=SW1-2
Added Net: Name=TRG
Added Pin To Net: NetName=TXD Pin=C25-1
Added Pin To Net: NetName=TXD Pin=L5-2
Added Pin To Net: NetName=TXD Pin=LED5-2
Added Pin To Net: NetName=TXD Pin=Port3-4
Added Pin To Net: NetName=TXD Pin=U1-14
Added Net: Name=TXD
Added Pin To Net: NetName=TX Pin=C15-2
Added Pin To Net: NetName=TX Pin=C26-2
Added Pin To Net: NetName=TX Pin=L2-1
Added Net: Name=TX
Added Pin To Net: NetName=V2 Pin=C21-1
Added Pin To Net: NetName=V2 Pin=C24-2
Added Pin To Net: NetName=V2 Pin=C28-2
Added Pin To Net: NetName=V2 Pin=L4-1
Added Pin To Net: NetName=V2 Pin=R9-1
Added Pin To Net: NetName=V2 Pin=U5-4
Added Pin To Net: NetName=V2 Pin=U5-6
Added Pin To Net: NetName=V2 Pin=U5-15
Added Net: Name=V2
Added Pin To Net: NetName=VCC_5V Pin=C10-1
Added Pin To Net: NetName=VCC_5V Pin=R13-2
Added Pin To Net: NetName=VCC_5V Pin=R14-2
Added Pin To Net: NetName=VCC_5V Pin=U2-2
Added Pin To Net: NetName=VCC_5V Pin=U2-2
Added Net: Name=VCC_5V
Added Pin To Net: NetName=VCC Pin=C11-1
Added Pin To Net: NetName=VCC Pin=Port3-1
Added Pin To Net: NetName=VCC Pin=Port4-5
Added Pin To Net: NetName=VCC Pin=Q2-1
Added Pin To Net: NetName=VCC Pin=R3-1
Added Pin To Net: NetName=VCC Pin=R6-1
Added Pin To Net: NetName=VCC Pin=SW1-1
Added Pin To Net: NetName=VCC Pin=U2-3
Added Pin To Net: NetName=VCC Pin=U5-10
Added Pin To Net: NetName=VCC Pin=U5-11
Added Net: Name=VCC
Added Pin To Net: NetName=VCORE Pin=C1-2
Added Pin To Net: NetName=VCORE Pin=C2-2
Added Pin To Net: NetName=VCORE Pin=Q1-3
Added Pin To Net: NetName=VCORE Pin=Q2-3
Added Pin To Net: NetName=VCORE Pin=U1-10
Added Net: Name=VCORE
Added Class: Name=TRV1.0
Added Room: Name=TRV1.0
