Added Component: Designator=ANT(SWA-KEÌìÏßÄ¸×ù)
Added Component: Designator=C1(0603)
Added Component: Designator=C2(0603)
Added Component: Designator=C10(0603)
Added Component: Designator=C11(0603)
Added Component: Designator=C33(CAP6*12)
Added Component: Designator=C35(CAP6*12)
Added Component: Designator=D3(SS34)
Added Component: Designator=L8(CD75)
Added Component: Designator=LED4(LED-0603)
Added Component: Designator=LED5(LED-0603)
Added Component: Designator=P5(DIP2-2.54)
Added Component: Designator=Port3(STC_DEBUG)
Added Component: Designator=Port4(Pin-8)
Added Component: Designator=Q1(SOT-23)
Added Component: Designator=Q2(SOT-23)
Added Component: Designator=R1(0603)
Added Component: Designator=R13(0603)
Added Component: Designator=R14(0603)
Added Component: Designator=SW1(SW-1)
Added Component: Designator=U1(LQPF-32)
Added Component: Designator=U2(3A5A3D)
Added Component: Designator=U3(TS5B_N)
Added Pin To Net: NetName=GND Pin=ANT-1
Added Pin To Net: NetName=ANT Pin=ANT-2
Added Pin To Net: NetName=ANT Pin=ANT-2
Added Pin To Net: NetName=ANT Pin=ANT-2
Added Pin To Net: NetName=ANT Pin=ANT-2
Added Pin To Net: NetName=GND Pin=C1-1
Added Pin To Net: NetName=VCORE Pin=C1-2
Added Pin To Net: NetName=GND Pin=C2-1
Added Pin To Net: NetName=VCORE Pin=C2-2
Added Pin To Net: NetName=NetC10_1 Pin=C10-1
Added Pin To Net: NetName=GND Pin=C10-2
Added Pin To Net: NetName=VCC Pin=C11-1
Added Pin To Net: NetName=GND Pin=C11-2
Added Pin To Net: NetName=NetC12_1 Pin=C12-1
Added Pin To Net: NetName=NetC12_2 Pin=C12-2
Added Pin To Net: NetName=GND Pin=C13-1
Added Pin To Net: NetName=NetC13_2 Pin=C13-2
Added Pin To Net: NetName=GND Pin=C14-1
Added Pin To Net: NetName=NetC12_1 Pin=C14-2
Added Pin To Net: NetName=GND Pin=C15-1
Added Pin To Net: NetName=TX Pin=C15-2
Added Pin To Net: NetName=GND Pin=C16-1
Added Pin To Net: NetName=NetC16_2 Pin=C16-2
Added Pin To Net: NetName=NetC17_1 Pin=C17-1
Added Pin To Net: NetName=GND Pin=C17-2
Added Pin To Net: NetName=GND Pin=C18-1
Added Pin To Net: NetName=NetC18_2 Pin=C18-2
Added Pin To Net: NetName=RX Pin=C19-1
Added Pin To Net: NetName=NetC18_2 Pin=C19-2
Added Pin To Net: NetName=RX Pin=C20-1
Added Pin To Net: NetName=GND Pin=C20-2
Added Pin To Net: NetName=V2 Pin=C21-1
Added Pin To Net: NetName=GND Pin=C21-2
Added Pin To Net: NetName=NetC22_1 Pin=C22-1
Added Pin To Net: NetName=GND Pin=C22-2
Added Pin To Net: NetName=GND Pin=C23-1
Added Pin To Net: NetName=NetC23_2 Pin=C23-2
Added Pin To Net: NetName=GND Pin=C24-1
Added Pin To Net: NetName=V2 Pin=C24-2
Added Pin To Net: NetName=TXD Pin=C25-1
Added Pin To Net: NetName=GND Pin=C25-2
Added Pin To Net: NetName=NetC26_1 Pin=C26-1
Added Pin To Net: NetName=TX Pin=C26-2
Added Pin To Net: NetName=NetC27_1 Pin=C27-1
Added Pin To Net: NetName=RX Pin=C27-2
Added Pin To Net: NetName=GND Pin=C28-1
Added Pin To Net: NetName=V2 Pin=C28-2
Added Pin To Net: NetName=NetC29_1 Pin=C29-1
Added Pin To Net: NetName=NetC29_2 Pin=C29-2
Added Pin To Net: NetName=NetC29_2 Pin=C30-1
Added Pin To Net: NetName=GND Pin=C30-2
Added Pin To Net: NetName=ANT Pin=C31-1
Added Pin To Net: NetName=GND Pin=C31-2
Added Pin To Net: NetName=ANT Pin=C32-1
Added Pin To Net: NetName=NetC10_1 Pin=C33-1
Added Pin To Net: NetName=GND Pin=C33-2
Added Pin To Net: NetName=GND Pin=C35-2
Added Pin To Net: NetName=NetC27_1 Pin=D1-1
Added Pin To Net: NetName=NetC29_1 Pin=D1-2
Added Pin To Net: NetName=NetC26_1 Pin=D2-1
Added Pin To Net: NetName=NetC29_1 Pin=D2-2
Added Pin To Net: NetName=GND Pin=D3-1
Added Pin To Net: NetName=NetD3_2 Pin=D3-2
Added Pin To Net: NetName=NetF1_1 Pin=F1-1
Added Pin To Net: NetName=GND Pin=F1-2
Added Pin To Net: NetName=NetF1_3 Pin=F1-3
Added Pin To Net: NetName=NetC12_2 Pin=L1-1
Added Pin To Net: NetName=NetC13_2 Pin=L1-2
Added Pin To Net: NetName=TX Pin=L2-1
Added Pin To Net: NetName=NetC12_1 Pin=L2-2
Added Pin To Net: NetName=NetC18_2 Pin=L3-1
Added Pin To Net: NetName=GND Pin=L3-2
Added Pin To Net: NetName=V2 Pin=L4-1
Added Pin To Net: NetName=NetC27_1 Pin=L4-2
Added Pin To Net: NetName=NetC26_1 Pin=L5-1
Added Pin To Net: NetName=TXD Pin=L5-2
Added Pin To Net: NetName=NetL6_1 Pin=L6-1
Added Pin To Net: NetName=NetC29_1 Pin=L6-2
Added Pin To Net: NetName=ANT Pin=L7-1
Added Pin To Net: NetName=NetC29_2 Pin=L7-2
Added Pin To Net: NetName=NetD3_2 Pin=L8-1
Added Pin To Net: NetName=NetC10_1 Pin=L8-2
Added Pin To Net: NetName=NetLED4_1 Pin=LED4-1
Added Pin To Net: NetName=RXD Pin=LED4-2
Added Pin To Net: NetName=NetLED5_1 Pin=LED5-1
Added Pin To Net: NetName=TXD Pin=LED5-2
Added Pin To Net: NetName=GND Pin=P5-2
Added Pin To Net: NetName=VCC Pin=Port3-1
Added Pin To Net: NetName=GND Pin=Port3-2
Added Pin To Net: NetName=RXD Pin=Port3-3
Added Pin To Net: NetName=TXD Pin=Port3-4
Added Pin To Net: NetName=TRG Pin=Port3-5
Added Pin To Net: NetName=GND Pin=Port4-2
Added Pin To Net: NetName=RFTXD Pin=Port4-4
Added Pin To Net: NetName=VCC Pin=Port4-5
Added Pin To Net: NetName=RXCE Pin=Port4-6
Added Pin To Net: NetName=RFRXD Pin=Port4-7
Added Pin To Net: NetName=GND Pin=Port4-8
Added Pin To Net: NetName=GND Pin=Q1-1
Added Pin To Net: NetName=TRG Pin=Q1-2
Added Pin To Net: NetName=VCORE Pin=Q1-3
Added Pin To Net: NetName=VCC Pin=Q2-1
Added Pin To Net: NetName=TRG Pin=Q2-2
Added Pin To Net: NetName=VCORE Pin=Q2-3
Added Pin To Net: NetName=GND Pin=R1-1
Added Pin To Net: NetName=TRG Pin=R1-2
Added Pin To Net: NetName=VCC Pin=R3-1
Added Pin To Net: NetName=NetC13_2 Pin=R3-2
Added Pin To Net: NetName=NetC16_2 Pin=R4-1
Added Pin To Net: NetName=GND Pin=R4-2
Added Pin To Net: NetName=RFTXD Pin=R5-1
Added Pin To Net: NetName=NetC16_2 Pin=R5-2
Added Pin To Net: NetName=VCC Pin=R6-1
Added Pin To Net: NetName=NetC22_1 Pin=R6-2
Added Pin To Net: NetName=RXCE Pin=R7-1
Added Pin To Net: NetName=NetR7_2 Pin=R7-2
Added Pin To Net: NetName=RFRXD Pin=R8-1
Added Pin To Net: NetName=NetR8_2 Pin=R8-2
Added Pin To Net: NetName=V2 Pin=R9-1
Added Pin To Net: NetName=NetC23_2 Pin=R9-2
Added Pin To Net: NetName=NetL6_1 Pin=R10-1
Added Pin To Net: NetName=GND Pin=R10-2
Added Pin To Net: NetName=NetLED4_1 Pin=R13-1
Added Pin To Net: NetName=VCC Pin=R13-2
Added Pin To Net: NetName=NetLED5_1 Pin=R14-1
Added Pin To Net: NetName=VCC Pin=R14-2
Added Pin To Net: NetName=VCC Pin=SW1-1
Added Pin To Net: NetName=TRG Pin=SW1-2
Added Pin To Net: NetName=RFRXD Pin=U1-1
Added Pin To Net: NetName=RFTXD Pin=U1-2
Added Pin To Net: NetName=RXCE Pin=U1-3
Added Pin To Net: NetName=CEOUT Pin=U1-4
Added Pin To Net: NetName=CE Pin=U1-5
Added Pin To Net: NetName=VCORE Pin=U1-10
Added Pin To Net: NetName=GND Pin=U1-12
Added Pin To Net: NetName=RXD Pin=U1-13
Added Pin To Net: NetName=TXD Pin=U1-14
Added Pin To Net: NetName=CNET Pin=U1-15
Added Pin To Net: NetName=GND Pin=U2-1
Added Pin To Net: NetName=NetC10_1 Pin=U2-2
Added Pin To Net: NetName=NetC10_1 Pin=U2-2
Added Pin To Net: NetName=VCC Pin=U2-3
Added Pin To Net: NetName=NetD3_2 Pin=U3-2
Added Pin To Net: NetName=GND Pin=U3-3
Added Pin To Net: NetName=NetC10_1 Pin=U3-4
Added Pin To Net: NetName=GND Pin=U3-5
Added Pin To Net: NetName=Netu4_1 Pin=u4-1
Added Pin To Net: NetName=GND Pin=u4-2
Added Pin To Net: NetName=NetC12_2 Pin=u4-3
Added Pin To Net: NetName=NetC17_1 Pin=u4-4
Added Pin To Net: NetName=NetC16_2 Pin=u4-5
Added Pin To Net: NetName=NetC16_2 Pin=u4-6
Added Pin To Net: NetName=GND Pin=U5-1
Added Pin To Net: NetName=GND Pin=U5-2
Added Pin To Net: NetName=NetC18_2 Pin=U5-3
Added Pin To Net: NetName=V2 Pin=U5-4
Added Pin To Net: NetName=NetF1_3 Pin=U5-5
Added Pin To Net: NetName=V2 Pin=U5-6
Added Pin To Net: NetName=NetF1_1 Pin=U5-7
Added Pin To Net: NetName=NetC22_1 Pin=U5-8
Added Pin To Net: NetName=GND Pin=U5-9
Added Pin To Net: NetName=VCC Pin=U5-10
Added Pin To Net: NetName=VCC Pin=U5-11
Added Pin To Net: NetName=NetR7_2 Pin=U5-12
Added Pin To Net: NetName=NetR8_2 Pin=U5-13
Added Pin To Net: NetName=NetC23_2 Pin=U5-14
Added Pin To Net: NetName=V2 Pin=U5-15
Added Pin To Net: NetName=NetU5_16 Pin=U5-16
Added Pin To Net: NetName=NetC17_1 Pin=Y3-1
Added Pin To Net: NetName=GND Pin=Y3-2
Added Pin To Net: NetName=Netu4_1 Pin=Y3-3
Added Pin To Net: NetName=NetU5_16 Pin=Y4-1
Added Pin To Net: NetName=GND Pin=Y4-2
Added Pin To Net: NetName=NetC32_2 Pin=C32-2
Added Pin To Net: NetName=NetC32_2 Pin=Port4-1
Added Net: Name=NetC32_2
Added Pin To Net: NetName=NetC35_1 Pin=C35-1
Added Pin To Net: NetName=NetC35_1 Pin=P5-1
Added Pin To Net: NetName=NetC35_1 Pin=U3-1
Added Net: Name=NetC35_1
Added Member To Class: ClassName=TRV1.0 Member=Component ANT SMA
Added Member To Class: ClassName=TRV1.0 Member=Component C1 47uF
Added Member To Class: ClassName=TRV1.0 Member=Component C2 104
Added Member To Class: ClassName=TRV1.0 Member=Component C10 10uF
Added Member To Class: ClassName=TRV1.0 Member=Component C11 104
Added Member To Class: ClassName=TRV1.0 Member=Component C33 220uF
Added Member To Class: ClassName=TRV1.0 Member=Component C35 220uF
Added Member To Class: ClassName=TRV1.0 Member=Component D3 1N5824
Added Member To Class: ClassName=TRV1.0 Member=Component L8 33UH
Added Member To Class: ClassName=TRV1.0 Member=Component LED4 RX
Added Member To Class: ClassName=TRV1.0 Member=Component LED5 TX
Added Member To Class: ClassName=TRV1.0 Member=Component P5 BAT
Added Member To Class: ClassName=TRV1.0 Member=Component Port3 DEBUG
Added Member To Class: ClassName=TRV1.0 Member=Component Port4 Mold
Added Member To Class: ClassName=TRV1.0 Member=Component Q1 AO3400(AO9T)
Added Member To Class: ClassName=TRV1.0 Member=Component Q2 AO3407(A50T)
Added Member To Class: ClassName=TRV1.0 Member=Component R1 1M
Added Member To Class: ClassName=TRV1.0 Member=Component R13 4.7K
Added Member To Class: ClassName=TRV1.0 Member=Component R14 4.7K
Added Member To Class: ClassName=TRV1.0 Member=Component SW1 REST
Added Member To Class: ClassName=TRV1.0 Member=Component U1 STC8F2K32S2
Added Member To Class: ClassName=TRV1.0 Member=Component U2 HT7533-1
Added Member To Class: ClassName=TRV1.0 Member=Component U3 LM2596
Added Room: Name=TRV1.0
