Change Component Comment : Designator=L7 Old Comment=0R New Comment=0R1%
Change Component Comment : Designator=C19 Old Comment=1pF5% New Comment=1pF
Change Component Comment : Designator=R10 Old Comment=3.3K New Comment=3.3K1%
Change Component Comment : Designator=L3 Old Comment=47nH5% New Comment=47nH
Change Component Comment : Designator=L4 Old Comment=180nH5% New Comment=180nH1%
Change Component Comment : Designator=L5 Old Comment=180nH5% New Comment=180nH1%
Change Component Comment : Designator=L6 Old Comment=180nH5% New Comment=180nH1%
Change Component Comment : Designator=L1 Old Comment=180nH5% New Comment=180uH5%
Change Component Comment : Designator=C29 Old Comment=220pF5% New Comment=220pF1%
Change Component Comment : Designator=C28 Old Comment=1045% New Comment=104
Change Component Designator: OldDesignator=u4 NewDesignator=U4
Added Component: Designator=R11(0603)
Added Pin To Net: NetName=NetC12_1 Pin=C12-1
Added Pin To Net: NetName=NetC12_2 Pin=C12-2
Added Pin To Net: NetName=GND Pin=C13-1
Added Pin To Net: NetName=NetC13_2 Pin=C13-2
Added Pin To Net: NetName=GND Pin=C14-1
Added Pin To Net: NetName=NetC12_1 Pin=C14-2
Added Pin To Net: NetName=GND Pin=C15-1
Added Pin To Net: NetName=TX Pin=C15-2
Added Pin To Net: NetName=GND Pin=C16-1
Added Pin To Net: NetName=NetC16_2 Pin=C16-2
Added Pin To Net: NetName=NetC17_1 Pin=C17-1
Added Pin To Net: NetName=GND Pin=C17-2
Added Pin To Net: NetName=GND Pin=C18-1
Added Pin To Net: NetName=NetC18_2 Pin=C18-2
Added Pin To Net: NetName=RX Pin=C19-1
Added Pin To Net: NetName=NetC18_2 Pin=C19-2
Added Pin To Net: NetName=RX Pin=C20-1
Added Pin To Net: NetName=GND Pin=C20-2
Added Pin To Net: NetName=V2 Pin=C21-1
Added Pin To Net: NetName=GND Pin=C21-2
Added Pin To Net: NetName=NetC22_1 Pin=C22-1
Added Pin To Net: NetName=GND Pin=C22-2
Added Pin To Net: NetName=GND Pin=C23-1
Added Pin To Net: NetName=NetC23_2 Pin=C23-2
Added Pin To Net: NetName=GND Pin=C24-1
Added Pin To Net: NetName=V2 Pin=C24-2
Added Pin To Net: NetName=RFTXD Pin=C25-1
Added Pin To Net: NetName=GND Pin=C25-2
Added Pin To Net: NetName=NetC26_1 Pin=C26-1
Added Pin To Net: NetName=TX Pin=C26-2
Added Pin To Net: NetName=NetC27_1 Pin=C27-1
Added Pin To Net: NetName=RX Pin=C27-2
Added Pin To Net: NetName=GND Pin=C28-1
Added Pin To Net: NetName=V2 Pin=C28-2
Added Pin To Net: NetName=NetC29_1 Pin=C29-1
Added Pin To Net: NetName=NetC29_2 Pin=C29-2
Added Pin To Net: NetName=NetC29_2 Pin=C30-1
Added Pin To Net: NetName=GND Pin=C30-2
Added Pin To Net: NetName=ANT Pin=C31-1
Added Pin To Net: NetName=GND Pin=C31-2
Added Pin To Net: NetName=ANT Pin=C32-1
Added Pin To Net: NetName=NetC32_2 Pin=C32-2
Added Pin To Net: NetName=NetC27_1 Pin=D1-1
Added Pin To Net: NetName=NetC29_1 Pin=D1-2
Added Pin To Net: NetName=NetC26_1 Pin=D2-1
Added Pin To Net: NetName=NetC29_1 Pin=D2-2
Added Pin To Net: NetName=NetF1_1 Pin=F1-1
Added Pin To Net: NetName=GND Pin=F1-2
Added Pin To Net: NetName=NetF1_3 Pin=F1-3
Added Pin To Net: NetName=NetC12_2 Pin=L1-1
Added Pin To Net: NetName=NetC13_2 Pin=L1-2
Added Pin To Net: NetName=TX Pin=L2-1
Added Pin To Net: NetName=NetC12_1 Pin=L2-2
Added Pin To Net: NetName=NetC18_2 Pin=L3-1
Added Pin To Net: NetName=GND Pin=L3-2
Added Pin To Net: NetName=V2 Pin=L4-1
Added Pin To Net: NetName=NetC27_1 Pin=L4-2
Added Pin To Net: NetName=NetC26_1 Pin=L5-1
Added Pin To Net: NetName=RFTXD Pin=L5-2
Added Pin To Net: NetName=NetL6_1 Pin=L6-1
Added Pin To Net: NetName=NetC29_1 Pin=L6-2
Added Pin To Net: NetName=ANT Pin=L7-1
Added Pin To Net: NetName=NetC29_2 Pin=L7-2
Added Pin To Net: NetName=NetC32_2 Pin=Port5-1
Added Pin To Net: NetName=GND Pin=Port5-2
Added Pin To Net: NetName=RFTXD Pin=Port5-4
Added Pin To Net: NetName=VCC Pin=Port5-5
Added Pin To Net: NetName=RXCE Pin=Port5-6
Added Pin To Net: NetName=RFRXD Pin=Port5-7
Added Pin To Net: NetName=GND Pin=Port5-8
Added Pin To Net: NetName=VCC Pin=R3-1
Added Pin To Net: NetName=NetC13_2 Pin=R3-2
Added Pin To Net: NetName=NetC16_2 Pin=R4-1
Added Pin To Net: NetName=GND Pin=R4-2
Added Pin To Net: NetName=RFTXD Pin=R5-1
Added Pin To Net: NetName=NetC16_2 Pin=R5-2
Added Pin To Net: NetName=VCC Pin=R6-1
Added Pin To Net: NetName=NetC22_1 Pin=R6-2
Added Pin To Net: NetName=RXCE Pin=R7-1
Added Pin To Net: NetName=NetR7_2 Pin=R7-2
Added Pin To Net: NetName=RFRXD Pin=R8-1
Added Pin To Net: NetName=NetR8_2 Pin=R8-2
Added Pin To Net: NetName=V2 Pin=R9-1
Added Pin To Net: NetName=NetC23_2 Pin=R9-2
Added Pin To Net: NetName=NetL6_1 Pin=R10-1
Added Pin To Net: NetName=GND Pin=R10-2
Added Pin To Net: NetName=VCC Pin=R11-2
Added Pin To Net: NetName=Netu4_1 Pin=U4-1
Added Pin To Net: NetName=GND Pin=U4-2
Added Pin To Net: NetName=NetC12_2 Pin=U4-3
Added Pin To Net: NetName=NetC16_2 Pin=U4-4
Added Pin To Net: NetName=NetC16_2 Pin=U4-5
Added Pin To Net: NetName=NetC17_1 Pin=U4-6
Added Pin To Net: NetName=GND Pin=U5-1
Added Pin To Net: NetName=GND Pin=U5-2
Added Pin To Net: NetName=NetC18_2 Pin=U5-3
Added Pin To Net: NetName=V2 Pin=U5-4
Added Pin To Net: NetName=NetF1_3 Pin=U5-5
Added Pin To Net: NetName=V2 Pin=U5-6
Added Pin To Net: NetName=NetF1_1 Pin=U5-7
Added Pin To Net: NetName=NetC22_1 Pin=U5-8
Added Pin To Net: NetName=GND Pin=U5-9
Added Pin To Net: NetName=NetR7_2 Pin=U5-12
Added Pin To Net: NetName=NetR8_2 Pin=U5-13
Added Pin To Net: NetName=NetC23_2 Pin=U5-14
Added Pin To Net: NetName=V2 Pin=U5-15
Added Pin To Net: NetName=NetU5_16 Pin=U5-16
Added Pin To Net: NetName=NetC17_1 Pin=Y3-1
Added Pin To Net: NetName=GND Pin=Y3-2
Added Pin To Net: NetName=Netu4_1 Pin=Y3-3
Added Pin To Net: NetName=NetU5_16 Pin=Y4-1
Added Pin To Net: NetName=GND Pin=Y4-2
Added Pin To Net: NetName=NetR11_1 Pin=R11-1
Added Pin To Net: NetName=NetR11_1 Pin=U5-10
Added Pin To Net: NetName=NetR11_1 Pin=U5-11
Added Net: Name=NetR11_1
Added Member To Class: ClassName=TRV1.0 Member=Component Port5 Mold
Added Member To Class: ClassName=TRV1.0 Member=Component R11 0R
Added Room: Name=TRV1.0
