C51 COMPILER V9.52.0.0   T_SLAVERV1_MAIN                                                   04/18/2018 17:31:14 PAGE 1   


C51 COMPILER V9.52.0.0, COMPILATION OF MODULE T_SLAVERV1_MAIN
OBJECT MODULE PLACED IN T-SlaverV1-main.OBJ
COMPILER INVOKED BY: C:\Keil\C51\BIN\C51.EXE T-SlaverV1-main.c BROWSE DEBUG OBJECTEXTEND TABS(2)

line level    source

   1          #include "T-SlaverV1.h"
   2          
   3          
   4          
   5          extern unsigned char Check_Btye_Xor;
   6          unsigned char text_one[40] = {0xAA, 0xAA, 0xAA, 0xC0, 0xAA, 0xAA, 0xAA, 
   7            0xc5, 0x6a, 0x29, 0x06, 0x05, 0xf4, 0xCF, 0xFF, 0xEA, 0xAA, 0xCE, 
   8            0xEE, 0x13, 0x44, 0xFE, 0xEF, 0x15, 0x51, 0x23,0x32, 0x12, 0x77, 
   9          0xFE, 0x4E, 0xE5, 0x6E, 0x1E, 0xE7, 0xE2, 0xEA, 0xA1, 0x21, 0xFA
  10          };
  11          void T_Master_SYSInit(void)
  12          {
  13   1        STCUart1Init(); //Chat to Camp
  14   1        STCUart2Init(); 
  15   1        /*设置为开漏模式*/
  16   1        P1M0 = 0xff;
  17   1        P1M1 = 0x00; 
  18   1      }
  19          
  20          
  21          void main(void)
  22          {
  23   1        int i = 0;
  24   1        T_Master_SYSInit();
  25   1        PrintString1("STC8F2K32S4 Slaver Test Prgramme!\r\n");
  26   1        PrintString2("STC8F2K32S4 Slaver Test Prgramme!\r\n");  
  27   1        while(1)
  28   1        {
  29   2            i = Get_Remaining_Days(2,2);//C5 6A 29 08 05 48 04 3B   1096
  30   2            if (i > 0)
  31   2            {
  32   3                PrintString1("Open+++++++++++++++++++++++++\r\n");
  33   3                P30 = ~P30;
  34   3      //                  P31 = ~P31;
  35   3                PrintString1_num(Uart2_Buffer, Uart2_Buffer[3]);
  36   3                //打开冰箱
  37   3            }
  38   2            else
  39   2            {
  40   3              PrintString1("Close--------------------------\r\n"); //
  41   3            }
  42   2            Delay100ms();
  43   2        }
  44   1      }


MODULE INFORMATION:   STATIC OVERLAYABLE
   CODE SIZE        =    104    ----
   CONSTANT SIZE    =    102    ----
   XDATA SIZE       =   ----    ----
   PDATA SIZE       =   ----    ----
   DATA SIZE        =     40       2
   IDATA SIZE       =   ----    ----
   BIT SIZE         =   ----    ----
END OF MODULE INFORMATION.

C51 COMPILER V9.52.0.0   T_SLAVERV1_MAIN                                                   04/18/2018 17:31:14 PAGE 2   


C51 COMPILATION COMPLETE.  0 WARNING(S),  0 ERROR(S)
