C51 COMPILER V9.52.0.0   T_SLAVERV1_PROTOCOL                                               04/18/2018 16:32:57 PAGE 1   


C51 COMPILER V9.52.0.0, COMPILATION OF MODULE T_SLAVERV1_PROTOCOL
OBJECT MODULE PLACED IN T-SlaverV1_Protocol.OBJ
COMPILER INVOKED BY: C:\Keil\C51\BIN\C51.EXE T-SlaverV1_Protocol.c BROWSE DEBUG OBJECTEXTEND TABS(2)

line level    source

   1          #include "T-SlaverV1.h"
   2          
   3          unsigned char bSynWord;
   4          unsigned char DataSize = 0;
   5          unsigned char Check_Btye_Xor;
   6          unsigned char Uart2_RX_State;
   7          unsigned char PaketSize_PTC;
   8          
   9          
  10          unsigned char Remaining_PAYG_Days[] = {0xC5, 0x6a, 0x29, 0x06, 0x05, 0xf4};
  11          /*************************************************
  12            Copyright (C), 2016-2018, Omnivoltaic Energy Solutions Tech. Co., Ltd.
  13            
  14            Function:       // Master_Uart_Process
  15          
  16            Description:    // 主机接收串口处理函数
  17          
  18            Calls:          // 
  19          
  20            Input:          // 
  21          
  22            Output:         // 
  23            
  24            Return:         // 
  25          
  26            Others:         // 
  27            
  28            Author:         // Liu Rongkun(Micheal)
  29            
  30            Data:           // 2018/03/29
  31          *************************************************/
  32          void Master_Uart_Process(void)
  33          {
  34   1        if(bSynWord == 0)
  35   1        {
  36   2          Uart2_Buffer[0] = Uart2_Buffer[1];
  37   2          Uart2_Buffer[1] = Uart2_Buffer[2];
  38   2          Uart2_Buffer[2] = S2BUF;
  39   2           if( (Uart2_Buffer[0] == 0xc5) && (Uart2_Buffer[1] == 0x6a) && (Uart2_Buffer[2] == 0x29) )
  40   2           {
  41   3              bSynWord = 1;
  42   3           }
  43   2           else
  44   2           {
  45   3      
  46   3            }
  47   2        }
  48   1        else
  49   1        {
  50   2          Uart2_Buffer[DataSize+3] = S2BUF;
  51   2          PaketSize_PTC = Uart2_Buffer[3];
  52   2          DataSize++;
  53   2          if(DataSize >= PaketSize_PTC - 3)
  54   2          {       
  55   3            bSynWord = 0;
C51 COMPILER V9.52.0.0   T_SLAVERV1_PROTOCOL                                               04/18/2018 16:32:57 PAGE 2   

  56   3            DataSize = 0;
  57   3            Check_Btye_Xor = CRC8(Uart2_Buffer, PaketSize_PTC -1 );
  58   3            if(Uart2_Buffer[PaketSize_PTC - 1] == Check_Btye_Xor)
  59   3            {
  60   4              Uart2_RX_State = 1;
  61   4              U2R_OFF_IRQ;
  62   4            }
  63   3            else
  64   3            {
  65   4              Uart2_RX_State = 2;
  66   4            }
  67   3            
  68   3          }
  69   2        }
  70   1      }
  71          /*************************************************
  72            Copyright (C), 2016-2018, Omnivoltaic Energy Solutions Tech. Co., Ltd.
  73            
  74            Function:       // Get_Remaining_Days获取CAMP剩余天数
  75          
  76            Description:    // 获取CAMP剩余天数
  77          
  78            Calls:          // 
  79          
  80            Input:          // num引导吗次数  timesec等待数据反馈多少秒
  81          
  82            Output:         // 
  83            
  84            Return:         // 返回剩余天数
  85          
  86            Others:         // 
  87            
  88            Author:         // Liu Rongkun(Micheal)
  89            
  90            Data:           // 2018/04/17
  91          *************************************************/
  92          int Get_Remaining_Days(unsigned char num,unsigned char timesec)
  93          {
  94   1        
  95   1        unsigned char i, j;
  96   1        int Remaining_Days;
  97   1        U2R_ON_IRQ;
  98   1        DATA_PIN_TX;
  99   1        Delay1ms();
 100   1        for(i = 0; i < num; i++)
 101   1        {
 102   2          Uart2Send(0xAA);
 103   2          Uart2Send(0xAA);
 104   2          Uart2Send(0xAA);
 105   2          Uart2Send(0xC0);
 106   2        }
 107   1        PrintString2_num(Remaining_PAYG_Days, 7);
 108   1        DATA_PIN_RX;
 109   1        Delay1ms();
 110   1        for(j = 0; j < timesec; j++)
 111   1        {
 112   2          Delay100ms();
 113   2        }
 114   1        if(Uart2_RX_State == 1)
 115   1        {
 116   2            Uart2_RX_State = 0;
 117   2            Remaining_Days = Uart2_Buffer[5] * 256 + Uart2_Buffer[6];
C51 COMPILER V9.52.0.0   T_SLAVERV1_PROTOCOL                                               04/18/2018 16:32:57 PAGE 3   

 118   2            return Remaining_Days;
 119   2        }
 120   1        else
 121   1        {
 122   2          return -1;
 123   2        }
 124   1      }


MODULE INFORMATION:   STATIC OVERLAYABLE
   CODE SIZE        =    239    ----
   CONSTANT SIZE    =   ----    ----
   XDATA SIZE       =   ----    ----
   PDATA SIZE       =   ----    ----
   DATA SIZE        =     11       4
   IDATA SIZE       =   ----    ----
   BIT SIZE         =   ----    ----
END OF MODULE INFORMATION.


C51 COMPILATION COMPLETE.  0 WARNING(S),  0 ERROR(S)
