C51 COMPILER V9.52.0.0   T_SLAVERV1_DELAY                                                  04/18/2018 16:17:10 PAGE 1   


C51 COMPILER V9.52.0.0, COMPILATION OF MODULE T_SLAVERV1_DELAY
OBJECT MODULE PLACED IN T-SlaverV1_Delay.OBJ
COMPILER INVOKED BY: C:\Keil\C51\BIN\C51.EXE T-SlaverV1_Delay.c BROWSE DEBUG OBJECTEXTEND TABS(2)

line level    source

   1          #include "T-SlaverV1.h"
   2          void Delay1ms()   //@11.0592MHz
   3          {
   4   1        unsigned char i, j;
   5   1        i = 11;
   6   1        j = 190;
   7   1        do
   8   1        {
   9   2          while (--j);
  10   2        } while (--i);
  11   1      }
  12          void Delay1000ms()    //@11.0592MHz
  13          {
  14   1        unsigned char i, j, k;
  15   1      
  16   1      
  17   1        i = 43;
  18   1        j = 6;
  19   1        k = 203;
  20   1        do
  21   1        {
  22   2          do
  23   2          {
  24   3            while (--k);
  25   3          } while (--j);
  26   2        } while (--i);
  27   1      }
  28          void Delay100ms()   //@11.0592MHz
  29          {
  30   1        unsigned char i, j, k;
  31   1      
  32   1      
  33   1        i = 5;
  34   1        j = 52;
  35   1        k = 195;
  36   1        do
  37   1        {
  38   2          do
  39   2          {
  40   3            while (--k);
  41   3          } while (--j);
  42   2        } while (--i);
  43   1      }


MODULE INFORMATION:   STATIC OVERLAYABLE
   CODE SIZE        =     35    ----
   CONSTANT SIZE    =   ----    ----
   XDATA SIZE       =   ----    ----
   PDATA SIZE       =   ----    ----
   DATA SIZE        =   ----    ----
   IDATA SIZE       =   ----    ----
   BIT SIZE         =   ----    ----
END OF MODULE INFORMATION.


C51 COMPILATION COMPLETE.  0 WARNING(S),  0 ERROR(S)
