C51 COMPILER V9.52.0.0   DRIVER                                                            12/21/2017 17:40:56 PAGE 1   


C51 COMPILER V9.52.0.0, COMPILATION OF MODULE DRIVER
OBJECT MODULE PLACED IN .\output\driver.obj
COMPILER INVOKED BY: C:\Keil\C51\BIN\C51.EXE SCF\driver.c BROWSE ORDER INCDIR(.\SCF) DEBUG OBJECTEXTEND PRINT(.\list\dri
                    -ver.lst) TABS(2) OBJECT(.\output\driver.obj)

line level    source

   1          #include "driver.h"
   2          
   3          char putchar (char ch)
   4          {
   5   1              SBUF0=ch;
   6   1            while(!TI0);
   7   1            TI0=0;
   8   1      
   9   1          return ch;
  10   1      }
  11          
  12          u8  Stringcmp(u8 *str1,u8 *str2)
  13          {
  14   1         u8  i=0; 
  15   1          while(1)//*p1  !='\0'
  16   1          {
  17   2           
  18   2           if(str1[i] != str2[i]) return ++i;
  19   2           if(str1[i]=='\0' && str2[i]=='\0')return 0;
  20   2           i++;
  21   2          }
  22   1         return -1;
  23   1      }
  24          
  25          u32   s2n(u8 *s)
  26          {
  27   1         u8  i,buf;
  28   1         u32 n=0;   
  29   1      
  30   1         if(*s<'0'||*s>'9') return  -1; //参数检查
  31   1      
  32   1        for(i=0;i<10;i++,s++)
  33   1        {
  34   2          if(*s>='0'&&*s<='9')
  35   2           {
  36   3           buf=*s-0x30;
  37   3           n *=10;
  38   3           n +=buf;
  39   3           }
  40   2           else   break;
  41   2           
  42   2         }
  43   1        if(i<10)  return  n;
  44   1        else  return  -1;
  45   1      
  46   1      }
  47          
  48          //从字符串ptr（是由空格符分开的几个单词构成，结尾必须是‘\0’）中找到第n个单词并
  49          //放入buf中（末尾添‘\0’）返回为该单词长度
  50          u8  getword(u8 *ptr,u8 *buf,u8 n)
  51          {
  52   1        u8 i=0,j=1,k;
  53   1      
  54   1        u8 length=0;
C51 COMPILER V9.52.0.0   DRIVER                                                            12/21/2017 17:40:56 PAGE 2   

  55   1      
  56   1        if(ptr==NULL ||buf==NULL ||n==0) return 0;//参数检查
  57   1        //计算可显示字符长度
  58   1        while(i<255) 
  59   1        {
  60   2         if(ptr[i]<' '||ptr[i]>'~') break;
  61   2         i++;
  62   2        };
  63   1        if(i>250) return 0;
  64   1        length=i;
  65   1      
  66   1         //跳过开头的若干空格
  67   1         for(i=0;i<length;i++)
  68   1          {
  69   2          if(ptr[i]!=' ')   break;
  70   2          }
  71   1          if(i>length-1) return 0;
  72   1        //开始收索目标单词
  73   1        while(1)
  74   1        { //找到目标单词
  75   2          if(n==j)
  76   2          {
  77   3             for(k=0;ptr[i]>' '&&ptr[i]<'\x7f';k++,i++)
  78   3             {  buf[k]=ptr[i];
  79   4           }
  80   3            buf[++k]='\0';
  81   3            return  k;
  82   3           }
  83   2           else
  84   2           {
  85   3           //跳过一个单词
  86   3             for(;i<length;i++)
  87   3            {
  88   4            if(ptr[i]==' ')break;
  89   4            }
  90   3            if(i>length-1) return 0;
  91   3      
  92   3           }
  93   2          //跳过单词间的分个的若干空格
  94   2           for(;i<length;i++)
  95   2          {
  96   3          if(ptr[i]!=' ')break;
  97   3          }
  98   2          if(i>length-1) return 0;
  99   2      
 100   2          j++;
 101   2        }
 102   1      }
 103          
 104          
 105          
 106          
*** WARNING C294 IN LINE 22 OF SCF\driver.c: unreachable code


MODULE INFORMATION:   STATIC OVERLAYABLE
   CODE SIZE        =    490    ----
   CONSTANT SIZE    =   ----    ----
   XDATA SIZE       =   ----    ----
   PDATA SIZE       =   ----    ----
   DATA SIZE        =   ----      23
   IDATA SIZE       =   ----    ----
C51 COMPILER V9.52.0.0   DRIVER                                                            12/21/2017 17:40:56 PAGE 3   

   BIT SIZE         =   ----    ----
END OF MODULE INFORMATION.


C51 COMPILATION COMPLETE.  1 WARNING(S),  0 ERROR(S)
