C51 COMPILER V9.52.0.0   INIT                                                              12/21/2017 17:40:56 PAGE 1   


C51 COMPILER V9.52.0.0, COMPILATION OF MODULE INIT
OBJECT MODULE PLACED IN .\output\init.obj
COMPILER INVOKED BY: C:\Keil\C51\BIN\C51.EXE SCF\init.c BROWSE ORDER INCDIR(.\SCF) DEBUG OBJECTEXTEND PRINT(.\list\init.
                    -lst) TABS(2) OBJECT(.\output\init.obj)

line level    source

   1          #include "driver.h"
   2          
   3          //********************************************************
   4          //系统时钟初始化
   5          //系统时钟以4倍时钟乘法器为输入，4倍时钟乘法器以内部时钟最大值为输入，即48MHz
   6          void init_sysclk(void)
   7          {                         
   8   1         u8  i;
   9   1         OSCICN |= 0x03; // Configure internal oscillator for   its maximum frequency
  10   1         CLKMUL=0x00;
  11   1         CLKMUL |=0x80;
  12   1         for(i=0;i<200;i++);
  13   1         CLKMUL |=0xc0;
  14   1         while(!(CLKMUL&0x20));
  15   1         CLKSEL |=0x03;
  16   1      
  17   1         RSTSRC  |= 0x04; // Enable missing clock detector
  18   1      }
  19          
  20          //timer定时器2初始化,1KHz定时器中断
  21          void   init_timer2(void)
  22          {
  23   1          CKCON |= 0x10;//timer定时器2 使用系统时钟
  24   1        TMR2RLL=0x7f;      
  25   1        TMR2RLH=0x44;
  26   1      
  27   1        TMR2L=0x7f;
  28   1        TMR2H=0x44;
  29   1        ET2=1;
  30   1        TMR2CN=0x04;//开启timer2  16为自动重装模式
  31   1      }
  32          //串口0初始化  115200 8 1 无
  33          void init_uart0(void) 
  34          { 
  35   1      //sbit        RXD=P0^5;  //开漏输出
  36   1      //sbit        TXD=P0^4;  //推挽输出 
  37   1          P0MDOUT   |= 0x10;
  38   1      
  39   1          SCON0 = 0x10; // SCON0: 8-bit variable bit rate
  40   1        CKCON |=  0x08;
  41   1          TH1 =0x30;
  42   1          TL1 = TH1;                          // init Timer1
  43   1          TMOD &= ~0xf0;                      // TMOD: timer 1 in 8-bit autoreload
  44   1          TMOD |=  0x20;
  45   1          TR1 = 1;                            // START Timer1
  46   1          TI0 = 0;                            // Indicate TX0 ready
  47   1          ES0  = 1; //ENable Uart Interrupt(Optional)
  48   1      } 
  49          
  50          void init_sysconfig(void)
  51          {
  52   1         u16  i;
  53   1         VDM0CN |=0x80;
  54   1         for(i=0;i<40000;i++);
C51 COMPILER V9.52.0.0   INIT                                                              12/21/2017 17:40:56 PAGE 2   

  55   1         RSTSRC  |= 0x02; //
  56   1         PFE0CN=0x20;
  57   1      }
  58          
  59          //********************************************************
  60          //端口初始化
  61          void init_port(void)
  62          {
  63   1      //sbit        LED=P0^3;  //推挽输出
  64   1      //sbit       BEEP=P1^6;  //推挽输出
  65   1         
  66   1          P0MDOUT   |= 0x08;
  67   1          P0SKIP    |= 0xCF;
  68   1      
  69   1        P1MDOUT   |= 0xC0;
  70   1        P1MDIN   &= ~0x20;
  71   1        P1SKIP    |= 0x30;
  72   1          
  73   1      
  74   1          XBR0      = 0x03;
  75   1          XBR1      = 0x40;
  76   1      
  77   1        IT01CF    = 0x01;
  78   1      
  79   1        BEEP=0;
  80   1         
  81   1      }


MODULE INFORMATION:   STATIC OVERLAYABLE
   CODE SIZE        =    140    ----
   CONSTANT SIZE    =   ----    ----
   XDATA SIZE       =   ----    ----
   PDATA SIZE       =   ----    ----
   DATA SIZE        =   ----    ----
   IDATA SIZE       =   ----    ----
   BIT SIZE         =   ----    ----
END OF MODULE INFORMATION.


C51 COMPILATION COMPLETE.  0 WARNING(S),  0 ERROR(S)
