C51 COMPILER V9.52.0.0   MEMORY                                                            12/21/2017 17:40:56 PAGE 1   


C51 COMPILER V9.52.0.0, COMPILATION OF MODULE MEMORY
OBJECT MODULE PLACED IN .\output\memory.obj
COMPILER INVOKED BY: C:\Keil\C51\BIN\C51.EXE SCF\memory.c BROWSE ORDER INCDIR(.\SCF) DEBUG OBJECTEXTEND PRINT(.\list\mem
                    -ory.lst) TABS(2) OBJECT(.\output\memory.obj)

line level    source

   1          #include "system.h"
   2          u8    xdata    databuf[DATAS][DLENGTH];
   3          u8    xdata    databufflag[DATAS]={0};
   4          //动态分配内存*******************************************************************************************
   5          void *malloc(u8 length) reentrant
   6           {
   7   1         u8    i;
   8   1      
   9   1        length=length;
  10   1        EA=0;
  11   1      
  12   1          for(i=0;i<DATAS;i++) 
  13   1          {
  14   2              if(databufflag[i]==0)
  15   2          { 
  16   3              EA=1; 
  17   3              return   (&databuf[i][0]);
  18   3          }
  19   2          }
  20   1          SaveEventLog(5,length,"malloc failed");
  21   1           EA=1; 
  22   1         return   NULL;
  23   1       }
  24          //释放内存************************************************************************************************
             -*************
  25          void  free(void *p)
  26          {
  27   1          u8    i;
  28   1      
  29   1        if(p==NULL) return;
  30   1        for(i=0;i<DATAS;i++) 
  31   1        {
  32   2          if(p==(&databuf[i][0]))
  33   2        {
  34   3          databufflag[i]=0;
  35   3          break;
  36   3        }
  37   2        }
  38   1      }


MODULE INFORMATION:   STATIC OVERLAYABLE
   CODE SIZE        =    170    ----
   CONSTANT SIZE    =     14    ----
   XDATA SIZE       =   1300    ----
   PDATA SIZE       =   ----    ----
   DATA SIZE        =   ----       4
   IDATA SIZE       =   ----    ----
   BIT SIZE         =   ----    ----
END OF MODULE INFORMATION.


C51 COMPILATION COMPLETE.  0 WARNING(S),  0 ERROR(S)
