Added Component: Designator=C1(0603)
Added Component: Designator=C2(0603)
Added Component: Designator=C3(0603)
Added Component: Designator=C4(0603)
Added Component: Designator=C5(0603)
Added Component: Designator=C6(0603)
Added Component: Designator=C7(0603)
Added Component: Designator=C8(0603)
Added Component: Designator=C9(0603)
Added Component: Designator=C10(0603)
Added Component: Designator=C11(0603)
Added Component: Designator=C12(0603)
Added Component: Designator=C13(0603)
Added Component: Designator=C14(0603)
Added Component: Designator=C15(0603)
Added Component: Designator=C16(0603)
Added Component: Designator=C17(0603)
Added Component: Designator=C18(0603)
Added Component: Designator=C19(0603)
Added Component: Designator=C20(0603)
Added Component: Designator=C21(0603)
Added Component: Designator=C22(0603)
Added Component: Designator=C23(0603)
Added Component: Designator=C24(0603)
Added Component: Designator=C25(0603)
Added Component: Designator=C26(0603)
Added Component: Designator=C27(0603)
Added Component: Designator=C28(0603)
Added Component: Designator=C29(0603)
Added Component: Designator=C30(0603)
Added Component: Designator=C31(0603)
Added Component: Designator=D1(0603)
Added Component: Designator=D2(0603)
Added Component: Designator=F1(PT4450 XTAL)
Added Component: Designator=L1(0603)
Added Component: Designator=L2(0603)
Added Component: Designator=L3(0603)
Added Component: Designator=L4(0603)
Added Component: Designator=L5(0603)
Added Component: Designator=L6(0603)
Added Component: Designator=L7(0603)
Added Component: Designator=R1(0603)
Added Component: Designator=R2(0603)
Added Component: Designator=R3(0603)
Added Component: Designator=R4(0603)
Added Component: Designator=R5(0603)
Added Component: Designator=R6(0603)
Added Component: Designator=R7(0603)
Added Component: Designator=R8(0603)
Added Component: Designator=R9(0603)
Added Component: Designator=R10(0603)
Added Component: Designator=U2(3A5A3D)
Added Component: Designator=u4(PT4450)
Added Net: Name=DCLK
Added Pin To Net: NetName=DSIO Pin=R2-2
Added Net: Name=DSIO
Added Net: Name=DST2
Added Pin To Net: NetName=GND Pin=C1-1
Added Pin To Net: NetName=GND Pin=C2-1
Added Pin To Net: NetName=GND Pin=C3-1
Added Pin To Net: NetName=GND Pin=C4-2
Added Pin To Net: NetName=GND Pin=C6-2
Added Pin To Net: NetName=GND Pin=C7-1
Added Pin To Net: NetName=GND Pin=C8-1
Added Pin To Net: NetName=GND Pin=C9-2
Added Pin To Net: NetName=GND Pin=C10-2
Added Pin To Net: NetName=GND Pin=C11-2
Added Pin To Net: NetName=GND Pin=C15-1
Added Pin To Net: NetName=GND Pin=C16-1
Added Pin To Net: NetName=GND Pin=C17-2
Added Pin To Net: NetName=GND Pin=C18-1
Added Pin To Net: NetName=GND Pin=C20-2
Added Pin To Net: NetName=GND Pin=C21-2
Added Pin To Net: NetName=GND Pin=C22-2
Added Pin To Net: NetName=GND Pin=C23-1
Added Pin To Net: NetName=GND Pin=C24-1
Added Pin To Net: NetName=GND Pin=C28-1
Added Pin To Net: NetName=GND Pin=C30-2
Added Pin To Net: NetName=GND Pin=C31-2
Added Pin To Net: NetName=GND Pin=F1-2
Added Pin To Net: NetName=GND Pin=L3-2
Added Pin To Net: NetName=GND Pin=R4-2
Added Pin To Net: NetName=GND Pin=R10-2
Added Pin To Net: NetName=GND Pin=U2-1
Added Pin To Net: NetName=GND Pin=u4-2
Added Net: Name=GND
Added Pin To Net: NetName=NetC1_2 Pin=C1-2
Added Net: Name=NetC1_2
Added Pin To Net: NetName=NetC2_2 Pin=C2-2
Added Net: Name=NetC2_2
Added Pin To Net: NetName=NetC4_1 Pin=C4-1
Added Net: Name=NetC4_1
Added Pin To Net: NetName=NetC5_1 Pin=C5-1
Added Net: Name=NetC5_1
Added Pin To Net: NetName=NetC5_2 Pin=C5-2
Added Net: Name=NetC5_2
Added Pin To Net: NetName=NetC6_1 Pin=C6-1
Added Net: Name=NetC6_1
Added Pin To Net: NetName=NetC7_2 Pin=C7-2
Added Net: Name=NetC7_2
Added Pin To Net: NetName=NetC8_2 Pin=C8-2
Added Net: Name=NetC8_2
Added Pin To Net: NetName=NetC12_1 Pin=C12-1
Added Pin To Net: NetName=NetC12_1 Pin=C14-2
Added Pin To Net: NetName=NetC12_1 Pin=L2-2
Added Net: Name=NetC12_1
Added Pin To Net: NetName=NetC12_2 Pin=C12-2
Added Pin To Net: NetName=NetC12_2 Pin=L1-1
Added Pin To Net: NetName=NetC12_2 Pin=u4-3
Added Net: Name=NetC12_2
Added Pin To Net: NetName=NetC13_1 Pin=C13-1
Added Pin To Net: NetName=NetC13_1 Pin=C14-1
Added Net: Name=NetC13_1
Added Pin To Net: NetName=NetC13_2 Pin=C13-2
Added Pin To Net: NetName=NetC13_2 Pin=L1-2
Added Pin To Net: NetName=NetC13_2 Pin=R3-2
Added Net: Name=NetC13_2
Added Pin To Net: NetName=NetC16_2 Pin=C16-2
Added Pin To Net: NetName=NetC16_2 Pin=R4-1
Added Pin To Net: NetName=NetC16_2 Pin=R5-2
Added Pin To Net: NetName=NetC16_2 Pin=u4-5
Added Pin To Net: NetName=NetC16_2 Pin=u4-6
Added Net: Name=NetC16_2
Added Pin To Net: NetName=NetC17_1 Pin=C17-1
Added Pin To Net: NetName=NetC17_1 Pin=u4-4
Added Net: Name=NetC17_1
Added Pin To Net: NetName=NetC18_2 Pin=C18-2
Added Pin To Net: NetName=NetC18_2 Pin=C19-2
Added Pin To Net: NetName=NetC18_2 Pin=L3-1
Added Net: Name=NetC18_2
Added Pin To Net: NetName=NetC21_1 Pin=C21-1
Added Net: Name=NetC21_1
Added Pin To Net: NetName=NetC22_1 Pin=C22-1
Added Pin To Net: NetName=NetC22_1 Pin=R6-2
Added Net: Name=NetC22_1
Added Pin To Net: NetName=NetC23_2 Pin=C23-2
Added Pin To Net: NetName=NetC23_2 Pin=R9-2
Added Net: Name=NetC23_2
Added Pin To Net: NetName=NetC24_2 Pin=C24-2
Added Pin To Net: NetName=NetC24_2 Pin=R9-1
Added Net: Name=NetC24_2
Added Pin To Net: NetName=NetC26_1 Pin=C26-1
Added Pin To Net: NetName=NetC26_1 Pin=D2-1
Added Pin To Net: NetName=NetC26_1 Pin=L5-1
Added Net: Name=NetC26_1
Added Pin To Net: NetName=NetC27_1 Pin=C27-1
Added Pin To Net: NetName=NetC27_1 Pin=D1-1
Added Pin To Net: NetName=NetC27_1 Pin=L4-2
Added Net: Name=NetC27_1
Added Pin To Net: NetName=NetC29_1 Pin=C29-1
Added Pin To Net: NetName=NetC29_1 Pin=D1-2
Added Pin To Net: NetName=NetC29_1 Pin=D2-2
Added Pin To Net: NetName=NetC29_1 Pin=L6-2
Added Net: Name=NetC29_1
Added Pin To Net: NetName=NetC29_2 Pin=C29-2
Added Pin To Net: NetName=NetC29_2 Pin=C30-1
Added Pin To Net: NetName=NetC29_2 Pin=L7-2
Added Net: Name=NetC29_2
Added Pin To Net: NetName=NetC31_1 Pin=C31-1
Added Pin To Net: NetName=NetC31_1 Pin=L7-1
Added Net: Name=NetC31_1
Added Pin To Net: NetName=NetF1_1 Pin=F1-1
Added Net: Name=NetF1_1
Added Pin To Net: NetName=NetF1_3 Pin=F1-3
Added Net: Name=NetF1_3
Added Pin To Net: NetName=NetL6_1 Pin=L6-1
Added Pin To Net: NetName=NetL6_1 Pin=R10-1
Added Net: Name=NetL6_1
Added Pin To Net: NetName=NetR1_1 Pin=R1-1
Added Net: Name=NetR1_1
Added Pin To Net: NetName=NetR7_2 Pin=R7-2
Added Net: Name=NetR7_2
Added Pin To Net: NetName=NetR8_2 Pin=R8-2
Added Net: Name=NetR8_2
Added Pin To Net: NetName=Netu4_1 Pin=u4-1
Added Net: Name=Netu4_1
Added Net: Name=NetU5_16
Added Net: Name=RST
Added Pin To Net: NetName=RXCE Pin=R7-1
Added Net: Name=RXCE
Added Pin To Net: NetName=RXD Pin=R8-1
Added Net: Name=RXD
Added Pin To Net: NetName=RX Pin=C19-1
Added Pin To Net: NetName=RX Pin=C20-1
Added Pin To Net: NetName=RX Pin=C27-2
Added Net: Name=RX
Added Pin To Net: NetName=TXD Pin=C25-1
Added Pin To Net: NetName=TXD Pin=L5-2
Added Pin To Net: NetName=TXD Pin=R5-1
Added Net: Name=TXD
Added Pin To Net: NetName=TX Pin=C15-2
Added Pin To Net: NetName=TX Pin=C26-2
Added Pin To Net: NetName=TX Pin=L2-1
Added Net: Name=TX
Added Pin To Net: NetName=V2 Pin=C28-2
Added Pin To Net: NetName=V2 Pin=L4-1
Added Net: Name=V2
Added Pin To Net: NetName=VCC_5V Pin=C10-1
Added Pin To Net: NetName=VCC_5V Pin=U2-2
Added Pin To Net: NetName=VCC_5V Pin=U2-2
Added Net: Name=VCC_5V
Added Pin To Net: NetName=VCC Pin=C3-2
Added Pin To Net: NetName=VCC Pin=C11-1
Added Pin To Net: NetName=VCC Pin=R1-2
Added Pin To Net: NetName=VCC Pin=R2-1
Added Pin To Net: NetName=VCC Pin=R3-1
Added Pin To Net: NetName=VCC Pin=R6-1
Added Pin To Net: NetName=VCC Pin=U2-3
Added Net: Name=VCC
Added Pin To Net: NetName=VPP Pin=C9-1
Added Net: Name=VPP
Added Class: Name=CommitV1.0
Added Room: Name=CommitV1.0
