Removed Pin From Net: NetName=CNET Pin=U1-15
Added Component: Designator=C33(0603)
Added Component: Designator=MAC(2.54LED)
Added Component: Designator=Q5(SOT-23)
Added Component: Designator=R21(0603)
Added Component: Designator=SW2(Key1)
Added Component: Designator=SW3(Key1)
Added Pin To Net: NetName=GND Pin=C33-1
Added Pin To Net: NetName=GND Pin=C33-2
Added Pin To Net: NetName=GND Pin=Q5-1
Added Pin To Net: NetName=VCC Pin=R21-2
Added Pin To Net: NetName=GND Pin=SW2-1
Added Pin To Net: NetName=GND Pin=SW2-2
Added Pin To Net: NetName=GND Pin=SW3-1
Added Pin To Net: NetName=GND Pin=SW3-2
Added Pin To Net: NetName=GND Pin=U1-15
Added Pin To Net: NetName=CNET Pin=U1-16
Added Pin To Net: NetName=NetMAC_1 Pin=MAC-1
Added Pin To Net: NetName=NetMAC_1 Pin=R21-1
Added Net: Name=NetMAC_1
Added Pin To Net: NetName=NetMAC_2 Pin=MAC-2
Added Pin To Net: NetName=NetMAC_2 Pin=Q5-3
Added Net: Name=NetMAC_2
Added Pin To Net: NetName=NetQ5_2 Pin=Q5-2
Added Pin To Net: NetName=NetQ5_2 Pin=U1-17
Added Net: Name=NetQ5_2
Added Member To Class: ClassName=CommitV2.0 Member=Component C33 NC
Added Member To Class: ClassName=CommitV2.0 Member=Component MAC
Added Member To Class: ClassName=CommitV2.0 Member=Component Q5 NMOS(A09T)
Added Member To Class: ClassName=CommitV2.0 Member=Component R21 0R
Added Member To Class: ClassName=CommitV2.0 Member=Component SW2 REST
Added Member To Class: ClassName=CommitV2.0 Member=Component SW3 REST
Added Room: Name=CommitV2.0
